[I 2024-01-24 19:05:08,665] Trial 62 finished with value: 0.3217112421989441 and parameters: {'embedding_dim': 76, 'lstm_units': 181, 'dropout_rate': 0.25, 'l2_reg': 1.892993378937487e-05, 'batch_size': 32, 'epochs': 17, 'patience_for_early_stopping': 5}. Best is trial 59 with value: 0.31208670139312744.

Execution Time: 37.19017672538757 seconds

[I 2024-01-24 19:05:45,856] Trial 63 finished with value: 0.33165693283081055 and parameters: {'embedding_dim': 78, 'lstm_units': 182, 'dropout_rate': 0.25, 'l2_reg': 2.584775632699474e-05, 'batch_size': 32, 'epochs': 15, 'patience_for_early_stopping': 5}. Best is trial 59 with value: 0.31208670139312744.

Execution Time: 7.943378686904907 seconds

[I 2024-01-24 19:05:53,801] Trial 64 finished with value: 0.3604162931442261 and parameters: {'embedding_dim': 64, 'lstm_units': 196, 'dropout_rate': 0.25, 'l2_reg': 1.369320225524639e-05, 'batch_size': 256, 'epochs': 16, 'patience_for_early_stopping': 4}. Best is trial 59 with value: 0.31208670139312744.

Execution Time: 34.78405261039734 seconds

[I 2024-01-24 19:06:28,585] Trial 65 finished with value: 0.33052799105644226 and parameters: {'embedding_dim': 90, 'lstm_units': 164, 'dropout_rate': 0.75, 'l2_reg': 3.117564951038547e-05, 'batch_size': 32, 'epochs': 18, 'patience_for_early_stopping': 5}. Best is trial 59 with value: 0.31208670139312744.

Execution Time: 9.728138446807861 seconds

[I 2024-01-24 19:06:38,314] Trial 66 finished with value: 0.35406243801116943 and parameters: {'embedding_dim': 76, 'lstm_units': 154, 'dropout_rate': 0.25, 'l2_reg': 4.3739570716226064e-05, 'batch_size': 128, 'epochs': 11, 'patience_for_early_stopping': 6}. Best is trial 59 with value: 0.31208670139312744.

Execution Time: 39.49992489814758 seconds

[I 2024-01-24 19:07:17,815] Trial 67 finished with value: 0.32351988554000854 and parameters: {'embedding_dim': 70, 'lstm_units': 188, 'dropout_rate': 0.25, 'l2_reg': 2.05601480303657e-05, 'batch_size': 32, 'epochs': 17, 'patience_for_early_stopping': 7}. Best is trial 59 with value: 0.31208670139312744.

Execution Time: 36.7618134021759 seconds

[I 2024-01-24 19:07:54,577] Trial 68 finished with value: 0.32458144426345825 and parameters: {'embedding_dim': 81, 'lstm_units': 135, 'dropout_rate': 0.5, 'l2_reg': 1.2602679757473968e-05, 'batch_size': 32, 'epochs': 15, 'patience_for_early_stopping': 6}. Best is trial 59 with value: 0.31208670139312744.

Execution Time: 38.08930206298828 seconds

[I 2024-01-24 19:08:32,667] Trial 69 finished with value: 0.3268115520477295 and parameters: {'embedding_dim': 102, 'lstm_units': 168, 'dropout_rate': 0.25, 'l2_reg': 7.007330473224025e-05, 'batch_size': 32, 'epochs': 18, 'patience_for_early_stopping': 5}. Best is trial 59 with value: 0.31208670139312744.

Execution Time: 7.710361957550049 seconds

[I 2024-01-24 19:08:40,377] Trial 70 finished with value: 0.36124998331069946 and parameters: {'embedding_dim': 95, 'lstm_units': 178, 'dropout_rate': 0.25, 'l2_reg': 2.2427121523639425e-05, 'batch_size': 256, 'epochs': 14, 'patience_for_early_stopping': 6}. Best is trial 59 with value: 0.31208670139312744.

Execution Time: 37.792627811431885 seconds

[I 2024-01-24 19:09:18,170] Trial 71 finished with value: 0.3163298964500427 and parameters: {'embedding_dim': 118, 'lstm_units': 158, 'dropout_rate': 0.25, 'l2_reg': 1.7030627128276258e-05, 'batch_size': 32, 'epochs': 17, 'patience_for_early_stopping': 5}. Best is trial 59 with value: 0.31208670139312744.

Execution Time: 40.2974591255188 seconds

[I 2024-01-24 19:09:58,470] Trial 72 finished with value: 0.32332801818847656 and parameters: {'embedding_dim': 105, 'lstm_units': 159, 'dropout_rate': 0.25, 'l2_reg': 1.8533815007723537e-05, 'batch_size': 32, 'epochs': 17, 'patience_for_early_stopping': 5}. Best is trial 59 with value: 0.31208670139312744.

Execution Time: 33.08309078216553 seconds

[I 2024-01-24 19:10:31,553] Trial 73 finished with value: 0.3294098377227783 and parameters: {'embedding_dim': 115, 'lstm_units': 117, 'dropout_rate': 0.25, 'l2_reg': 2.754958222977365e-05, 'batch_size': 32, 'epochs': 18, 'patience_for_early_stopping': 4}. Best is trial 59 with value: 0.31208670139312744.

Execution Time: 39.01227617263794 seconds

[I 2024-01-24 19:11:10,565] Trial 74 finished with value: 0.3229106664657593 and parameters: {'embedding_dim': 88, 'lstm_units': 158, 'dropout_rate': 0.25, 'l2_reg': 1.001515755786877e-05, 'batch_size': 32, 'epochs': 16, 'patience_for_early_stopping': 5}. Best is trial 59 with value: 0.31208670139312744.

Execution Time: 40.87907552719116 seconds

[I 2024-01-24 19:11:51,445] Trial 75 finished with value: 0.31169942021369934 and parameters: {'embedding_dim': 114, 'lstm_units': 165, 'dropout_rate': 0.25, 'l2_reg': 1.3807299728701678e-05, 'batch_size': 32, 'epochs': 17, 'patience_for_early_stopping': 7}. Best is trial 75 with value: 0.31169942021369934.

Execution Time: 13.965100526809692 seconds

[I 2024-01-24 19:12:05,410] Trial 76 finished with value: 0.34567177295684814 and parameters: {'embedding_dim': 109, 'lstm_units': 147, 'dropout_rate': 0.75, 'l2_reg': 1.3410674851766283e-05, 'batch_size': 128, 'epochs': 18, 'patience_for_early_stopping': 7}. Best is trial 75 with value: 0.31169942021369934.

Execution Time: 47.27114915847778 seconds

[I 2024-01-24 19:12:52,683] Trial 77 finished with value: 0.3361164629459381 and parameters: {'embedding_dim': 115, 'lstm_units': 163, 'dropout_rate': 0.25, 'l2_reg': 4.0596446006222333e-05, 'batch_size': 32, 'epochs': 19, 'patience_for_early_stopping': 7}. Best is trial 75 with value: 0.31169942021369934.

Execution Time: 37.98270606994629 seconds

[I 2024-01-24 19:13:30,666] Trial 78 finished with value: 0.32293763756752014 and parameters: {'embedding_dim': 138, 'lstm_units': 167, 'dropout_rate': 0.25, 'l2_reg': 1.258781392882156e-05, 'batch_size': 32, 'epochs': 16, 'patience_for_early_stopping': 7}. Best is trial 75 with value: 0.31169942021369934.

Execution Time: 44.15636992454529 seconds

[I 2024-01-24 19:14:14,823] Trial 79 finished with value: 0.3245791792869568 and parameters: {'embedding_dim': 145, 'lstm_units': 150, 'dropout_rate': 0.5, 'l2_reg': 3.0257400083542856e-05, 'batch_size': 32, 'epochs': 19, 'patience_for_early_stopping': 6}. Best is trial 75 with value: 0.31169942021369934.

Execution Time: 38.28124499320984 seconds

[I 2024-01-24 19:14:53,104] Trial 80 finished with value: 0.33668291568756104 and parameters: {'embedding_dim': 131, 'lstm_units': 140, 'dropout_rate': 0.25, 'l2_reg': 0.0005559422062743729, 'batch_size': 32, 'epochs': 17, 'patience_for_early_stopping': 7}. Best is trial 75 with value: 0.31169942021369934.

Execution Time: 40.39228320121765 seconds

[I 2024-01-24 19:15:33,496] Trial 81 finished with value: 0.3260330855846405 and parameters: {'embedding_dim': 95, 'lstm_units': 178, 'dropout_rate': 0.25, 'l2_reg': 1.6743008241800853e-05, 'batch_size': 32, 'epochs': 17, 'patience_for_early_stopping': 5}. Best is trial 75 with value: 0.31169942021369934.

Execution Time: 39.26083731651306 seconds

[I 2024-01-24 19:16:12,759] Trial 82 finished with value: 0.3250923752784729 and parameters: {'embedding_dim': 121, 'lstm_units': 184, 'dropout_rate': 0.25, 'l2_reg': 2.0951265943786703e-05, 'batch_size': 32, 'epochs': 17, 'patience_for_early_stopping': 5}. Best is trial 75 with value: 0.31169942021369934.

Execution Time: 39.06566286087036 seconds

[I 2024-01-24 19:16:51,825] Trial 83 finished with value: 0.3267958164215088 and parameters: {'embedding_dim': 82, 'lstm_units': 93, 'dropout_rate': 0.25, 'l2_reg': 1.718653496655428e-05, 'batch_size': 32, 'epochs': 17, 'patience_for_early_stopping': 6}. Best is trial 75 with value: 0.31169942021369934.

Execution Time: 41.38623046875 seconds

[I 2024-01-24 19:17:33,212] Trial 84 finished with value: 0.3237999379634857 and parameters: {'embedding_dim': 188, 'lstm_units': 159, 'dropout_rate': 0.25, 'l2_reg': 2.3118703734476974e-05, 'batch_size': 32, 'epochs': 18, 'patience_for_early_stopping': 7}. Best is trial 75 with value: 0.31169942021369934.

Execution Time: 8.475179195404053 seconds

[I 2024-01-24 19:17:41,687] Trial 85 finished with value: 0.34898078441619873 and parameters: {'embedding_dim': 110, 'lstm_units': 191, 'dropout_rate': 0.25, 'l2_reg': 1.2828380989598227e-05, 'batch_size': 256, 'epochs': 17, 'patience_for_early_stopping': 4}. Best is trial 75 with value: 0.31169942021369934.

Execution Time: 37.09437346458435 seconds

[I 2024-01-24 19:18:18,783] Trial 86 finished with value: 0.33658847212791443 and parameters: {'embedding_dim': 119, 'lstm_units': 175, 'dropout_rate': 0.25, 'l2_reg': 3.0242331563359006e-05, 'batch_size': 32, 'epochs': 18, 'patience_for_early_stopping': 5}. Best is trial 75 with value: 0.31169942021369934.

Execution Time: 34.65925145149231 seconds

[I 2024-01-24 19:18:53,444] Trial 87 finished with value: 0.32138577103614807 and parameters: {'embedding_dim': 153, 'lstm_units': 168, 'dropout_rate': 0.25, 'l2_reg': 4.178061929440674e-05, 'batch_size': 32, 'epochs': 16, 'patience_for_early_stopping': 6}. Best is trial 75 with value: 0.31169942021369934.

Execution Time: 12.5970618724823 seconds

[I 2024-01-24 19:19:06,041] Trial 88 finished with value: 0.341644823551178 and parameters: {'embedding_dim': 158, 'lstm_units': 108, 'dropout_rate': 0.25, 'l2_reg': 4.703648395383334e-05, 'batch_size': 128, 'epochs': 16, 'patience_for_early_stopping': 6}. Best is trial 75 with value: 0.31169942021369934.

Execution Time: 43.35130500793457 seconds

[I 2024-01-24 19:19:49,392] Trial 89 finished with value: 0.3463035225868225 and parameters: {'embedding_dim': 166, 'lstm_units': 168, 'dropout_rate': 0.75, 'l2_reg': 0.0008229837128715211, 'batch_size': 32, 'epochs': 20, 'patience_for_early_stopping': 6}. Best is trial 75 with value: 0.31169942021369934.

Execution Time: 36.62826085090637 seconds

[I 2024-01-24 19:20:26,021] Trial 90 finished with value: 0.37864190340042114 and parameters: {'embedding_dim': 154, 'lstm_units': 156, 'dropout_rate': 0.25, 'l2_reg': 0.032765954349598926, 'batch_size': 32, 'epochs': 16, 'patience_for_early_stopping': 7}. Best is trial 75 with value: 0.31169942021369934.

Execution Time: 36.93738389015198 seconds

[I 2024-01-24 19:21:02,958] Trial 91 finished with value: 0.32702162861824036 and parameters: {'embedding_dim': 152, 'lstm_units': 185, 'dropout_rate': 0.25, 'l2_reg': 1.808070531560949e-05, 'batch_size': 32, 'epochs': 15, 'patience_for_early_stopping': 5}. Best is trial 75 with value: 0.31169942021369934.

Execution Time: 36.853843688964844 seconds

[I 2024-01-24 19:21:39,813] Trial 92 finished with value: 0.3208860158920288 and parameters: {'embedding_dim': 146, 'lstm_units': 170, 'dropout_rate': 0.25, 'l2_reg': 1.152140317085929e-05, 'batch_size': 32, 'epochs': 17, 'patience_for_early_stopping': 6}. Best is trial 75 with value: 0.31169942021369934.

Execution Time: 35.72935724258423 seconds

[I 2024-01-24 19:22:15,542] Trial 93 finished with value: 0.32480138540267944 and parameters: {'embedding_dim': 130, 'lstm_units': 165, 'dropout_rate': 0.25, 'l2_reg': 1.1587391525747476e-05, 'batch_size': 32, 'epochs': 19, 'patience_for_early_stopping': 6}. Best is trial 75 with value: 0.31169942021369934.

Execution Time: 36.40692591667175 seconds

[I 2024-01-24 19:22:51,950] Trial 94 finished with value: 0.3234880566596985 and parameters: {'embedding_dim': 148, 'lstm_units': 171, 'dropout_rate': 0.25, 'l2_reg': 1.4764163381611743e-05, 'batch_size': 32, 'epochs': 16, 'patience_for_early_stopping': 6}. Best is trial 75 with value: 0.31169942021369934.

Execution Time: 40.75752019882202 seconds

[I 2024-01-24 19:23:32,709] Trial 95 finished with value: 0.319408655166626 and parameters: {'embedding_dim': 133, 'lstm_units': 150, 'dropout_rate': 0.25, 'l2_reg': 3.805416020470126e-05, 'batch_size': 32, 'epochs': 18, 'patience_for_early_stopping': 7}. Best is trial 75 with value: 0.31169942021369934.

Execution Time: 40.17099952697754 seconds

[I 2024-01-24 19:24:12,881] Trial 96 finished with value: 0.32178547978401184 and parameters: {'embedding_dim': 126, 'lstm_units': 143, 'dropout_rate': 0.25, 'l2_reg': 2.5515132149803103e-05, 'batch_size': 32, 'epochs': 18, 'patience_for_early_stopping': 7}. Best is trial 75 with value: 0.31169942021369934.

Execution Time: 42.61786413192749 seconds

[I 2024-01-24 19:24:55,500] Trial 97 finished with value: 0.3195117115974426 and parameters: {'embedding_dim': 135, 'lstm_units': 150, 'dropout_rate': 0.5, 'l2_reg': 1.5158337039928243e-05, 'batch_size': 32, 'epochs': 19, 'patience_for_early_stopping': 7}. Best is trial 75 with value: 0.31169942021369934.

Execution Time: 42.3921000957489 seconds

[I 2024-01-24 19:25:37,893] Trial 98 finished with value: 0.3157826066017151 and parameters: {'embedding_dim': 141, 'lstm_units': 151, 'dropout_rate': 0.5, 'l2_reg': 3.4757599026296854e-05, 'batch_size': 32, 'epochs': 19, 'patience_for_early_stopping': 7}. Best is trial 75 with value: 0.31169942021369934.

Execution Time: 23.369628429412842 seconds

[I 2024-01-24 19:26:01,262] Trial 99 finished with value: 0.3250786066055298 and parameters: {'embedding_dim': 133, 'lstm_units': 134, 'dropout_rate': 0.5, 'l2_reg': 5.610658635541051e-05, 'batch_size': 64, 'epochs': 19, 'patience_for_early_stopping': 7}. Best is trial 75 with value: 0.31169942021369934.

Execution Time: 43.34316897392273 seconds

[I 2024-01-24 19:26:44,608] Trial 100 finished with value: 0.3198349177837372 and parameters: {'embedding_dim': 141, 'lstm_units': 148, 'dropout_rate': 0.5, 'l2_reg': 3.544569139936995e-05, 'batch_size': 32, 'epochs': 20, 'patience_for_early_stopping': 7}. Best is trial 75 with value: 0.31169942021369934.

Execution Time: 47.27444243431091 seconds

[I 2024-01-24 19:27:31,882] Trial 101 finished with value: 0.3255813717842102 and parameters: {'embedding_dim': 137, 'lstm_units': 137, 'dropout_rate': 0.5, 'l2_reg': 3.5562816219435e-05, 'batch_size': 32, 'epochs': 20, 'patience_for_early_stopping': 7}. Best is trial 75 with value: 0.31169942021369934.

Execution Time: 41.95470714569092 seconds

[I 2024-01-24 19:28:13,837] Trial 102 finished with value: 0.32972419261932373 and parameters: {'embedding_dim': 245, 'lstm_units': 150, 'dropout_rate': 0.5, 'l2_reg': 1.5622773521829008e-05, 'batch_size': 32, 'epochs': 20, 'patience_for_early_stopping': 7}. Best is trial 75 with value: 0.31169942021369934.

Execution Time: 41.24624538421631 seconds

[I 2024-01-24 19:28:55,083] Trial 103 finished with value: 0.31401634216308594 and parameters: {'embedding_dim': 144, 'lstm_units': 144, 'dropout_rate': 0.5, 'l2_reg': 2.8811872050152785e-05, 'batch_size': 32, 'epochs': 19, 'patience_for_early_stopping': 8}. Best is trial 75 with value: 0.31169942021369934.










