[I 2024-01-24 00:15:23,237] Trial 0 finished with value: 0.33468249440193176 and parameters: {'embedding_dim': 208, 'lstm_units': 149, 'dropout_rate': 0.5, 'l2_reg': 9.184084994281843e-05, 'batch_size': 128, 'patience_for_early_stopping': 8}. Best is trial 0 with value: 0.33468249440193176.
[I 2024-01-24 00:15:52,160] Trial 1 finished with value: 0.3383280336856842 and parameters: {'embedding_dim': 400, 'lstm_units': 124, 'dropout_rate': 0.25, 'l2_reg': 0.00015310146807724924, 'batch_size': 128, 'patience_for_early_stopping': 5}. Best is trial 0 with value: 0.33468249440193176.
[I 2024-01-24 00:17:34,014] Trial 2 finished with value: 0.33086973428726196 and parameters: {'embedding_dim': 384, 'lstm_units': 98, 'dropout_rate': 0.5, 'l2_reg': 6.067034331418184e-05, 'batch_size': 32, 'patience_for_early_stopping': 10}. Best is trial 2 with value: 0.33086973428726196.
[I 2024-01-24 00:18:21,585] Trial 3 finished with value: 0.3155011534690857 and parameters: {'embedding_dim': 317, 'lstm_units': 136, 'dropout_rate': 0.5, 'l2_reg': 1.1607954488355207e-06, 'batch_size': 64, 'patience_for_early_stopping': 11}. Best is trial 3 with value: 0.3155011534690857.
[I 2024-01-24 00:19:03,025] Trial 4 finished with value: 0.34251680970191956 and parameters: {'embedding_dim': 317, 'lstm_units': 44, 'dropout_rate': 0.5, 'l2_reg': 0.0016545191957611854, 'batch_size': 128, 'patience_for_early_stopping': 7}. Best is trial 3 with value: 0.3155011534690857.
[I 2024-01-24 00:19:42,708] Trial 5 finished with value: 0.30650684237480164 and parameters: {'embedding_dim': 461, 'lstm_units': 126, 'dropout_rate': 0.25, 'l2_reg': 2.421886957152243e-06, 'batch_size': 64, 'patience_for_early_stopping': 7}. Best is trial 5 with value: 0.30650684237480164.
[I 2024-01-24 00:20:23,356] Trial 6 finished with value: 0.3165542185306549 and parameters: {'embedding_dim': 288, 'lstm_units': 197, 'dropout_rate': 0.25, 'l2_reg': 5.037859415960418e-06, 'batch_size': 64, 'patience_for_early_stopping': 7}. Best is trial 5 with value: 0.30650684237480164.
[I 2024-01-24 00:21:01,410] Trial 7 finished with value: 0.3321095407009125 and parameters: {'embedding_dim': 280, 'lstm_units': 147, 'dropout_rate': 0.5, 'l2_reg': 6.898120311339417e-05, 'batch_size': 128, 'patience_for_early_stopping': 7}. Best is trial 5 with value: 0.30650684237480164.
[I 2024-01-24 00:21:40,886] Trial 8 finished with value: 0.37876448035240173 and parameters: {'embedding_dim': 119, 'lstm_units': 39, 'dropout_rate': 0.25, 'l2_reg': 0.009123675165839831, 'batch_size': 64, 'patience_for_early_stopping': 8}. Best is trial 5 with value: 0.30650684237480164.
[I 2024-01-24 00:23:06,347] Trial 9 finished with value: 0.32296210527420044 and parameters: {'embedding_dim': 350, 'lstm_units': 130, 'dropout_rate': 0.25, 'l2_reg': 4.088649862686446e-05, 'batch_size': 32, 'patience_for_early_stopping': 11}. Best is trial 5 with value: 0.30650684237480164.
[I 2024-01-24 00:24:55,357] Trial 10 finished with value: 0.3141101896762848 and parameters: {'embedding_dim': 503, 'lstm_units': 255, 'dropout_rate': 0.25, 'l2_reg': 5.768279335479508e-06, 'batch_size': 16, 'patience_for_early_stopping': 5}. Best is trial 5 with value: 0.30650684237480164.
[I 2024-01-24 00:26:18,071] Trial 11 finished with value: 0.3167892098426819 and parameters: {'embedding_dim': 507, 'lstm_units': 250, 'dropout_rate': 0.25, 'l2_reg': 5.939359883120893e-06, 'batch_size': 16, 'patience_for_early_stopping': 4}. Best is trial 5 with value: 0.30650684237480164.
[I 2024-01-24 00:27:42,944] Trial 12 finished with value: 0.3205530345439911 and parameters: {'embedding_dim': 512, 'lstm_units': 201, 'dropout_rate': 0.25, 'l2_reg': 1.073706174249282e-06, 'batch_size': 16, 'patience_for_early_stopping': 5}. Best is trial 5 with value: 0.30650684237480164.
[I 2024-01-24 00:29:29,393] Trial 13 finished with value: 0.31703266501426697 and parameters: {'embedding_dim': 449, 'lstm_units': 249, 'dropout_rate': 0.25, 'l2_reg': 7.83425590151415e-06, 'batch_size': 16, 'patience_for_early_stopping': 5}. Best is trial 5 with value: 0.30650684237480164.
[I 2024-01-24 00:31:11,813] Trial 14 finished with value: 0.3142765760421753 and parameters: {'embedding_dim': 439, 'lstm_units': 88, 'dropout_rate': 0.25, 'l2_reg': 1.675066580496969e-05, 'batch_size': 16, 'patience_for_early_stopping': 6}. Best is trial 5 with value: 0.30650684237480164.
[I 2024-01-24 00:31:54,335] Trial 15 finished with value: 0.34392157196998596 and parameters: {'embedding_dim': 453, 'lstm_units': 181, 'dropout_rate': 0.25, 'l2_reg': 0.0004202577297281217, 'batch_size': 64, 'patience_for_early_stopping': 9}. Best is trial 5 with value: 0.30650684237480164.
[I 2024-01-24 00:32:50,498] Trial 16 finished with value: 0.31821200251579285 and parameters: {'embedding_dim': 69, 'lstm_units': 226, 'dropout_rate': 0.25, 'l2_reg': 2.6919541568673392e-06, 'batch_size': 64, 'patience_for_early_stopping': 4}. Best is trial 5 with value: 0.30650684237480164.
[I 2024-01-24 00:34:48,052] Trial 17 finished with value: 0.31695783138275146 and parameters: {'embedding_dim': 479, 'lstm_units': 170, 'dropout_rate': 0.25, 'l2_reg': 1.9391521399688278e-05, 'batch_size': 16, 'patience_for_early_stopping': 6}. Best is trial 5 with value: 0.30650684237480164.
[I 2024-01-24 00:35:59,946] Trial 18 finished with value: 0.3186016082763672 and parameters: {'embedding_dim': 222, 'lstm_units': 80, 'dropout_rate': 0.25, 'l2_reg': 2.6028857827503416e-06, 'batch_size': 32, 'patience_for_early_stopping': 6}. Best is trial 5 with value: 0.30650684237480164.
[I 2024-01-24 00:38:13,471] Trial 19 finished with value: 0.30444592237472534 and parameters: {'embedding_dim': 394, 'lstm_units': 104, 'dropout_rate': 0.25, 'l2_reg': 1.2913840702794696e-05, 'batch_size': 16, 'patience_for_early_stopping': 9}. Best is trial 19 with value: 0.30444592237472534.
[I 2024-01-24 00:39:11,891] Trial 20 finished with value: 0.3206639587879181 and parameters: {'embedding_dim': 382, 'lstm_units': 65, 'dropout_rate': 0.25, 'l2_reg': 1.9894250399465085e-05, 'batch_size': 64, 'patience_for_early_stopping': 9}. Best is trial 19 with value: 0.30444592237472534.
[I 2024-01-24 00:41:14,451] Trial 21 finished with value: 0.30403903126716614 and parameters: {'embedding_dim': 420, 'lstm_units': 112, 'dropout_rate': 0.25, 'l2_reg': 2.6879883183755106e-06, 'batch_size': 16, 'patience_for_early_stopping': 9}. Best is trial 21 with value: 0.30403903126716614.
[I 2024-01-24 00:43:06,443] Trial 22 finished with value: 0.30696341395378113 and parameters: {'embedding_dim': 426, 'lstm_units': 112, 'dropout_rate': 0.25, 'l2_reg': 2.4758427084527137e-06, 'batch_size': 16, 'patience_for_early_stopping': 9}. Best is trial 21 with value: 0.30403903126716614.
[I 2024-01-24 00:45:07,775] Trial 23 finished with value: 0.3231246769428253 and parameters: {'embedding_dim': 405, 'lstm_units': 108, 'dropout_rate': 0.25, 'l2_reg': 1.1166500900387577e-05, 'batch_size': 16, 'patience_for_early_stopping': 10}. Best is trial 21 with value: 0.30403903126716614.
[I 2024-01-24 00:47:03,070] Trial 24 finished with value: 0.30975478887557983 and parameters: {'embedding_dim': 356, 'lstm_units': 65, 'dropout_rate': 0.25, 'l2_reg': 2.3160201186381015e-06, 'batch_size': 16, 'patience_for_early_stopping': 8}. Best is trial 21 with value: 0.30403903126716614.
[I 2024-01-24 00:49:08,536] Trial 25 finished with value: 0.3251514732837677 and parameters: {'embedding_dim': 464, 'lstm_units': 160, 'dropout_rate': 0.25, 'l2_reg': 3.0742791945549894e-05, 'batch_size': 16, 'patience_for_early_stopping': 10}. Best is trial 21 with value: 0.30403903126716614.
[I 2024-01-24 00:50:03,673] Trial 26 finished with value: 0.31741923093795776 and parameters: {'embedding_dim': 420, 'lstm_units': 116, 'dropout_rate': 0.5, 'l2_reg': 1.0502762545257542e-06, 'batch_size': 64, 'patience_for_early_stopping': 9}. Best is trial 21 with value: 0.30403903126716614.
[I 2024-01-24 00:51:19,761] Trial 27 finished with value: 0.31125330924987793 and parameters: {'embedding_dim': 350, 'lstm_units': 73, 'dropout_rate': 0.25, 'l2_reg': 4.331945205052337e-06, 'batch_size': 32, 'patience_for_early_stopping': 8}. Best is trial 21 with value: 0.30403903126716614.
[I 2024-01-24 00:54:09,394] Trial 28 finished with value: 0.3338298797607422 and parameters: {'embedding_dim': 473, 'lstm_units': 95, 'dropout_rate': 0.25, 'l2_reg': 0.0003130659711004383, 'batch_size': 16, 'patience_for_early_stopping': 10}. Best is trial 21 with value: 0.30403903126716614.
[I 2024-01-24 00:54:42,122] Trial 29 finished with value: 0.33025169372558594 and parameters: {'embedding_dim': 187, 'lstm_units': 148, 'dropout_rate': 0.5, 'l2_reg': 9.562845499299936e-06, 'batch_size': 128, 'patience_for_early_stopping': 9}. Best is trial 21 with value: 0.30403903126716614.
[I 2024-01-24 00:55:38,242] Trial 30 finished with value: 0.328391969203949 and parameters: {'embedding_dim': 368, 'lstm_units': 105, 'dropout_rate': 0.25, 'l2_reg': 0.00014086673525380458, 'batch_size': 64, 'patience_for_early_stopping': 7}. Best is trial 21 with value: 0.30403903126716614.
[I 2024-01-24 00:57:35,270] Trial 31 finished with value: 0.3003239929676056 and parameters: {'embedding_dim': 423, 'lstm_units': 118, 'dropout_rate': 0.25, 'l2_reg': 2.195679639723439e-06, 'batch_size': 16, 'patience_for_early_stopping': 9}. Best is trial 31 with value: 0.3003239929676056.
[I 2024-01-24 00:59:31,602] Trial 32 finished with value: 0.30280041694641113 and parameters: {'embedding_dim': 410, 'lstm_units': 127, 'dropout_rate': 0.25, 'l2_reg': 1.5458990100674625e-06, 'batch_size': 16, 'patience_for_early_stopping': 8}. Best is trial 31 with value: 0.3003239929676056.
[I 2024-01-24 01:01:23,263] Trial 33 finished with value: 0.31796833872795105 and parameters: {'embedding_dim': 407, 'lstm_units': 137, 'dropout_rate': 0.25, 'l2_reg': 1.5938211196819343e-06, 'batch_size': 16, 'patience_for_early_stopping': 8}. Best is trial 31 with value: 0.3003239929676056.
[I 2024-01-24 01:03:26,738] Trial 34 finished with value: 0.3129468262195587 and parameters: {'embedding_dim': 318, 'lstm_units': 88, 'dropout_rate': 0.25, 'l2_reg': 4.309352337607218e-06, 'batch_size': 16, 'patience_for_early_stopping': 9}. Best is trial 31 with value: 0.3003239929676056.
[I 2024-01-24 01:05:23,385] Trial 35 finished with value: 0.32205963134765625 and parameters: {'embedding_dim': 392, 'lstm_units': 118, 'dropout_rate': 0.5, 'l2_reg': 1.5363150766194893e-06, 'batch_size': 16, 'patience_for_early_stopping': 8}. Best is trial 31 with value: 0.3003239929676056.
[I 2024-01-24 01:07:54,804] Trial 36 finished with value: 0.32339760661125183 and parameters: {'embedding_dim': 430, 'lstm_units': 54, 'dropout_rate': 0.25, 'l2_reg': 1.24576282983575e-05, 'batch_size': 16, 'patience_for_early_stopping': 10}. Best is trial 31 with value: 0.3003239929676056.
[I 2024-01-24 01:09:55,205] Trial 37 finished with value: 0.3105359673500061 and parameters: {'embedding_dim': 316, 'lstm_units': 160, 'dropout_rate': 0.5, 'l2_reg': 3.5727902966041944e-06, 'batch_size': 16, 'patience_for_early_stopping': 11}. Best is trial 31 with value: 0.3003239929676056.
[I 2024-01-24 01:10:34,470] Trial 38 finished with value: 0.310735285282135 and parameters: {'embedding_dim': 253, 'lstm_units': 131, 'dropout_rate': 0.25, 'l2_reg': 1.4930308387109906e-06, 'batch_size': 128, 'patience_for_early_stopping': 10}. Best is trial 31 with value: 0.3003239929676056.
[I 2024-01-24 01:12:39,480] Trial 39 finished with value: 0.3273368775844574 and parameters: {'embedding_dim': 380, 'lstm_units': 100, 'dropout_rate': 0.25, 'l2_reg': 3.207984219567079e-05, 'batch_size': 16, 'patience_for_early_stopping': 9}. Best is trial 31 with value: 0.3003239929676056.
[I 2024-01-24 01:13:49,447] Trial 40 finished with value: 0.3159230351448059 and parameters: {'embedding_dim': 325, 'lstm_units': 126, 'dropout_rate': 0.5, 'l2_reg': 7.496377553484971e-06, 'batch_size': 32, 'patience_for_early_stopping': 8}. Best is trial 31 with value: 0.3003239929676056.
[I 2024-01-24 01:14:30,693] Trial 41 finished with value: 0.31344684958457947 and parameters: {'embedding_dim': 484, 'lstm_units': 138, 'dropout_rate': 0.25, 'l2_reg': 1.9405860013719805e-06, 'batch_size': 64, 'patience_for_early_stopping': 7}. Best is trial 31 with value: 0.3003239929676056.
[I 2024-01-24 01:14:59,467] Trial 42 finished with value: 0.3244435489177704 and parameters: {'embedding_dim': 411, 'lstm_units': 118, 'dropout_rate': 0.25, 'l2_reg': 3.830630096729474e-06, 'batch_size': 128, 'patience_for_early_stopping': 7}. Best is trial 31 with value: 0.3003239929676056.
[I 2024-01-24 01:16:49,739] Trial 43 finished with value: 0.3569633364677429 and parameters: {'embedding_dim': 439, 'lstm_units': 156, 'dropout_rate': 0.25, 'l2_reg': 0.0032941471581856402, 'batch_size': 16, 'patience_for_early_stopping': 8}. Best is trial 31 with value: 0.3003239929676056.
[I 2024-01-24 01:19:01,856] Trial 44 finished with value: 0.31109046936035156 and parameters: {'embedding_dim': 487, 'lstm_units': 125, 'dropout_rate': 0.25, 'l2_reg': 3.030987516536258e-06, 'batch_size': 16, 'patience_for_early_stopping': 9}. Best is trial 31 with value: 0.3003239929676056.
[I 2024-01-24 01:21:13,905] Trial 45 finished with value: 0.31442227959632874 and parameters: {'embedding_dim': 459, 'lstm_units': 94, 'dropout_rate': 0.25, 'l2_reg': 5.870202119512503e-06, 'batch_size': 16, 'patience_for_early_stopping': 7}. Best is trial 31 with value: 0.3003239929676056.
[I 2024-01-24 01:22:00,827] Trial 46 finished with value: 0.3039788603782654 and parameters: {'embedding_dim': 392, 'lstm_units': 140, 'dropout_rate': 0.25, 'l2_reg': 1.497584514019376e-06, 'batch_size': 64, 'patience_for_early_stopping': 8}. Best is trial 31 with value: 0.3003239929676056.
[I 2024-01-24 01:22:45,949] Trial 47 finished with value: 0.31410935521125793 and parameters: {'embedding_dim': 348, 'lstm_units': 146, 'dropout_rate': 0.25, 'l2_reg': 1.02810347240622e-06, 'batch_size': 64, 'patience_for_early_stopping': 9}. Best is trial 31 with value: 0.3003239929676056.
[I 2024-01-24 01:24:31,768] Trial 48 finished with value: 0.29806146025657654 and parameters: {'embedding_dim': 368, 'lstm_units': 177, 'dropout_rate': 0.25, 'l2_reg': 1.4801368226402669e-06, 'batch_size': 16, 'patience_for_early_stopping': 8}. Best is trial 48 with value: 0.29806146025657654.
[I 2024-01-24 01:25:39,491] Trial 49 finished with value: 0.3077060282230377 and parameters: {'embedding_dim': 299, 'lstm_units': 198, 'dropout_rate': 0.25, 'l2_reg': 1.6182340529391157e-06, 'batch_size': 32, 'patience_for_early_stopping': 8}. Best is trial 48 with value: 0.29806146025657654.
[I 2024-01-24 01:26:09,569] Trial 50 finished with value: 0.30279740691185 and parameters: {'embedding_dim': 371, 'lstm_units': 183, 'dropout_rate': 0.25, 'l2_reg': 1.9576230051506266e-06, 'batch_size': 128, 'patience_for_early_stopping': 8}. Best is trial 48 with value: 0.29806146025657654.
[I 2024-01-24 01:26:38,948] Trial 51 finished with value: 0.3139069378376007 and parameters: {'embedding_dim': 371, 'lstm_units': 187, 'dropout_rate': 0.25, 'l2_reg': 1.9044716124472913e-06, 'batch_size': 128, 'patience_for_early_stopping': 8}. Best is trial 48 with value: 0.29806146025657654.
[I 2024-01-24 01:27:16,568] Trial 52 finished with value: 0.32031622529029846 and parameters: {'embedding_dim': 334, 'lstm_units': 213, 'dropout_rate': 0.25, 'l2_reg': 1.3935518379245218e-06, 'batch_size': 128, 'patience_for_early_stopping': 8}. Best is trial 48 with value: 0.29806146025657654.
[I 2024-01-24 01:27:47,355] Trial 53 finished with value: 0.30675557255744934 and parameters: {'embedding_dim': 393, 'lstm_units': 174, 'dropout_rate': 0.25, 'l2_reg': 3.212775822827798e-06, 'batch_size': 128, 'patience_for_early_stopping': 8}. Best is trial 48 with value: 0.29806146025657654.
[I 2024-01-24 01:28:15,028] Trial 54 finished with value: 0.30886003375053406 and parameters: {'embedding_dim': 442, 'lstm_units': 213, 'dropout_rate': 0.25, 'l2_reg': 6.9209533205753865e-06, 'batch_size': 128, 'patience_for_early_stopping': 6}. Best is trial 48 with value: 0.29806146025657654.
[I 2024-01-24 01:30:09,423] Trial 55 finished with value: 0.3034422695636749 and parameters: {'embedding_dim': 364, 'lstm_units': 187, 'dropout_rate': 0.25, 'l2_reg': 1.017274310461867e-06, 'batch_size': 16, 'patience_for_early_stopping': 7}. Best is trial 48 with value: 0.29806146025657654.
[I 2024-01-24 01:30:55,256] Trial 56 finished with value: 0.30419525504112244 and parameters: {'embedding_dim': 365, 'lstm_units': 184, 'dropout_rate': 0.25, 'l2_reg': 1.020010912680765e-06, 'batch_size': 64, 'patience_for_early_stopping': 7}. Best is trial 48 with value: 0.29806146025657654.
[I 2024-01-24 01:32:30,195] Trial 57 finished with value: 0.3156172037124634 and parameters: {'embedding_dim': 275, 'lstm_units': 173, 'dropout_rate': 0.25, 'l2_reg': 2.2373422246182998e-06, 'batch_size': 16, 'patience_for_early_stopping': 7}. Best is trial 48 with value: 0.29806146025657654.
[I 2024-01-24 01:32:59,550] Trial 58 finished with value: 0.30933186411857605 and parameters: {'embedding_dim': 340, 'lstm_units': 208, 'dropout_rate': 0.25, 'l2_reg': 1.3561690622984174e-06, 'batch_size': 128, 'patience_for_early_stopping': 7}. Best is trial 48 with value: 0.29806146025657654.
[I 2024-01-24 01:34:39,166] Trial 59 finished with value: 0.31874528527259827 and parameters: {'embedding_dim': 302, 'lstm_units': 167, 'dropout_rate': 0.5, 'l2_reg': 5.4521708003309375e-06, 'batch_size': 16, 'patience_for_early_stopping': 6}. Best is trial 48 with value: 0.29806146025657654.
[I 2024-01-24 01:35:25,721] Trial 60 finished with value: 0.30757173895835876 and parameters: {'embedding_dim': 372, 'lstm_units': 233, 'dropout_rate': 0.25, 'l2_reg': 2.026178030919855e-06, 'batch_size': 64, 'patience_for_early_stopping': 8}. Best is trial 48 with value: 0.29806146025657654.
[I 2024-01-24 01:37:00,301] Trial 61 finished with value: 0.3316984474658966 and parameters: {'embedding_dim': 414, 'lstm_units': 190, 'dropout_rate': 0.25, 'l2_reg': 3.22108315354043e-06, 'batch_size': 16, 'patience_for_early_stopping': 8}. Best is trial 48 with value: 0.29806146025657654.
[I 2024-01-24 01:38:44,916] Trial 62 finished with value: 0.3136637210845947 and parameters: {'embedding_dim': 428, 'lstm_units': 156, 'dropout_rate': 0.25, 'l2_reg': 2.3924079322762976e-06, 'batch_size': 16, 'patience_for_early_stopping': 9}. Best is trial 48 with value: 0.29806146025657654.
[I 2024-01-24 01:42:30,048] Trial 63 finished with value: 0.34237492084503174 and parameters: {'embedding_dim': 388, 'lstm_units': 140, 'dropout_rate': 0.25, 'l2_reg': 0.0007061614953196835, 'batch_size': 16, 'patience_for_early_stopping': 9}. Best is trial 48 with value: 0.29806146025657654.
[I 2024-01-24 01:44:15,473] Trial 64 finished with value: 0.3089004158973694 and parameters: {'embedding_dim': 404, 'lstm_units': 178, 'dropout_rate': 0.25, 'l2_reg': 1.2689636191117193e-06, 'batch_size': 16, 'patience_for_early_stopping': 7}. Best is trial 48 with value: 0.29806146025657654.
[I 2024-01-24 01:46:16,404] Trial 65 finished with value: 0.31653788685798645 and parameters: {'embedding_dim': 364, 'lstm_units': 166, 'dropout_rate': 0.25, 'l2_reg': 4.473472490538562e-06, 'batch_size': 16, 'patience_for_early_stopping': 8}. Best is trial 48 with value: 0.29806146025657654.
[I 2024-01-24 01:48:30,322] Trial 66 finished with value: 0.3373866379261017 and parameters: {'embedding_dim': 451, 'lstm_units': 152, 'dropout_rate': 0.25, 'l2_reg': 5.998303308514274e-05, 'batch_size': 16, 'patience_for_early_stopping': 9}. Best is trial 48 with value: 0.29806146025657654.
[I 2024-01-24 01:49:40,288] Trial 67 finished with value: 0.30509310960769653 and parameters: {'embedding_dim': 417, 'lstm_units': 194, 'dropout_rate': 0.25, 'l2_reg': 1.7306532364485761e-06, 'batch_size': 32, 'patience_for_early_stopping': 8}. Best is trial 48 with value: 0.29806146025657654.
[I 2024-01-24 01:52:02,614] Trial 68 finished with value: 0.3000473380088806 and parameters: {'embedding_dim': 384, 'lstm_units': 114, 'dropout_rate': 0.25, 'l2_reg': 2.99403278054708e-06, 'batch_size': 16, 'patience_for_early_stopping': 10}. Best is trial 48 with value: 0.29806146025657654.
[I 2024-01-24 01:53:36,234] Trial 69 finished with value: 0.35168901085853577 and parameters: {'embedding_dim': 380, 'lstm_units': 134, 'dropout_rate': 0.25, 'l2_reg': 0.009763266074305098, 'batch_size': 64, 'patience_for_early_stopping': 11}. Best is trial 48 with value: 0.29806146025657654.
[I 2024-01-24 01:55:32,820] Trial 70 finished with value: 0.31393036246299744 and parameters: {'embedding_dim': 398, 'lstm_units': 206, 'dropout_rate': 0.25, 'l2_reg': 1.2865856542431744e-06, 'batch_size': 16, 'patience_for_early_stopping': 10}. Best is trial 48 with value: 0.29806146025657654.
[I 2024-01-24 01:58:01,327] Trial 71 finished with value: 0.31467345356941223 and parameters: {'embedding_dim': 432, 'lstm_units': 119, 'dropout_rate': 0.25, 'l2_reg': 2.8870192161609315e-06, 'batch_size': 16, 'patience_for_early_stopping': 10}. Best is trial 48 with value: 0.29806146025657654.
[I 2024-01-24 02:00:06,280] Trial 72 finished with value: 0.2996017336845398 and parameters: {'embedding_dim': 356, 'lstm_units': 128, 'dropout_rate': 0.25, 'l2_reg': 2.2518486038258503e-06, 'batch_size': 16, 'patience_for_early_stopping': 11}. Best is trial 48 with value: 0.29806146025657654.
[I 2024-01-24 02:02:12,947] Trial 73 finished with value: 0.30015039443969727 and parameters: {'embedding_dim': 335, 'lstm_units': 110, 'dropout_rate': 0.25, 'l2_reg': 1.0030578499923904e-06, 'batch_size': 16, 'patience_for_early_stopping': 11}. Best is trial 48 with value: 0.29806146025657654.
[I 2024-01-24 02:04:18,413] Trial 74 finished with value: 0.3146957755088806 and parameters: {'embedding_dim': 340, 'lstm_units': 108, 'dropout_rate': 0.25, 'l2_reg': 2.0189798930240683e-06, 'batch_size': 16, 'patience_for_early_stopping': 11}. Best is trial 48 with value: 0.29806146025657654.
