[I 2024-01-24 02:06:35,378] Trial 75 finished with value: 0.2947138845920563 and parameters: {'embedding_dim': 353, 'lstm_units': 128, 'dropout_rate': 0.5, 'l2_reg': 1.0504215189259233e-06, 'batch_size': 16, 'patience_for_early_stopping': 11}. Best is trial 75 with value: 0.2947138845920563.
[I 2024-01-24 02:09:08,458] Trial 76 finished with value: 0.3083483874797821 and parameters: {'embedding_dim': 325, 'lstm_units': 87, 'dropout_rate': 0.5, 'l2_reg': 9.375200612287916e-06, 'batch_size': 16, 'patience_for_early_stopping': 11}. Best is trial 75 with value: 0.2947138845920563.
[I 2024-01-24 02:11:29,247] Trial 77 finished with value: 0.30921614170074463 and parameters: {'embedding_dim': 352, 'lstm_units': 113, 'dropout_rate': 0.5, 'l2_reg': 3.7784827801471806e-06, 'batch_size': 16, 'patience_for_early_stopping': 11}. Best is trial 75 with value: 0.2947138845920563.
[I 2024-01-24 02:13:30,697] Trial 78 finished with value: 0.3085612952709198 and parameters: {'embedding_dim': 310, 'lstm_units': 129, 'dropout_rate': 0.5, 'l2_reg': 2.350308519330181e-06, 'batch_size': 16, 'patience_for_early_stopping': 11}. Best is trial 75 with value: 0.2947138845920563.
[I 2024-01-24 02:15:47,749] Trial 79 finished with value: 0.31660890579223633 and parameters: {'embedding_dim': 278, 'lstm_units': 122, 'dropout_rate': 0.5, 'l2_reg': 4.7670338237747554e-06, 'batch_size': 16, 'patience_for_early_stopping': 11}. Best is trial 75 with value: 0.2947138845920563.
[I 2024-01-24 02:17:54,046] Trial 80 finished with value: 0.3113054037094116 and parameters: {'embedding_dim': 330, 'lstm_units': 102, 'dropout_rate': 0.5, 'l2_reg': 1.2579855215933482e-06, 'batch_size': 16, 'patience_for_early_stopping': 10}. Best is trial 75 with value: 0.2947138845920563.
[I 2024-01-24 02:19:50,040] Trial 81 finished with value: 0.3116806745529175 and parameters: {'embedding_dim': 361, 'lstm_units': 124, 'dropout_rate': 0.25, 'l2_reg': 1.1222080185362041e-06, 'batch_size': 16, 'patience_for_early_stopping': 11}. Best is trial 75 with value: 0.2947138845920563.
[I 2024-01-24 02:21:51,041] Trial 82 finished with value: 0.3008722960948944 and parameters: {'embedding_dim': 350, 'lstm_units': 110, 'dropout_rate': 0.25, 'l2_reg': 1.8428614510908964e-06, 'batch_size': 16, 'patience_for_early_stopping': 10}. Best is trial 75 with value: 0.2947138845920563.
[I 2024-01-24 02:24:09,137] Trial 83 finished with value: 0.30301541090011597 and parameters: {'embedding_dim': 380, 'lstm_units': 97, 'dropout_rate': 0.25, 'l2_reg': 1.927265057609386e-06, 'batch_size': 16, 'patience_for_early_stopping': 10}. Best is trial 75 with value: 0.2947138845920563.
[I 2024-01-24 02:26:26,169] Trial 84 finished with value: 0.3115778863430023 and parameters: {'embedding_dim': 346, 'lstm_units': 132, 'dropout_rate': 0.5, 'l2_reg': 2.8981325032998684e-06, 'batch_size': 16, 'patience_for_early_stopping': 10}. Best is trial 75 with value: 0.2947138845920563.
[I 2024-01-24 02:28:34,891] Trial 85 finished with value: 0.3165985345840454 and parameters: {'embedding_dim': 158, 'lstm_units': 144, 'dropout_rate': 0.25, 'l2_reg': 1.7208548332128281e-06, 'batch_size': 16, 'patience_for_early_stopping': 11}. Best is trial 75 with value: 0.2947138845920563.
[I 2024-01-24 02:30:46,911] Trial 86 finished with value: 0.30743536353111267 and parameters: {'embedding_dim': 291, 'lstm_units': 108, 'dropout_rate': 0.25, 'l2_reg': 1.5431011870595393e-06, 'batch_size': 16, 'patience_for_early_stopping': 10}. Best is trial 75 with value: 0.2947138845920563.
[I 2024-01-24 02:31:22,636] Trial 87 finished with value: 0.3028474450111389 and parameters: {'embedding_dim': 376, 'lstm_units': 112, 'dropout_rate': 0.25, 'l2_reg': 2.5235629674431836e-06, 'batch_size': 128, 'patience_for_early_stopping': 11}. Best is trial 75 with value: 0.2947138845920563.
[I 2024-01-24 02:33:39,568] Trial 88 finished with value: 0.3109600841999054 and parameters: {'embedding_dim': 354, 'lstm_units': 84, 'dropout_rate': 0.25, 'l2_reg': 3.710513641430431e-06, 'batch_size': 16, 'patience_for_early_stopping': 11}. Best is trial 75 with value: 0.2947138845920563.
[I 2024-01-24 02:35:05,399] Trial 89 finished with value: 0.30710920691490173 and parameters: {'embedding_dim': 313, 'lstm_units': 121, 'dropout_rate': 0.25, 'l2_reg': 1.9879519573848024e-06, 'batch_size': 32, 'patience_for_early_stopping': 10}. Best is trial 75 with value: 0.2947138845920563.
[I 2024-01-24 02:37:13,078] Trial 90 finished with value: 0.3128347098827362 and parameters: {'embedding_dim': 338, 'lstm_units': 113, 'dropout_rate': 0.5, 'l2_reg': 1.2683021158385143e-06, 'batch_size': 16, 'patience_for_early_stopping': 10}. Best is trial 75 with value: 0.2947138845920563.
[I 2024-01-24 02:37:50,742] Trial 91 finished with value: 0.3126997947692871 and parameters: {'embedding_dim': 376, 'lstm_units': 94, 'dropout_rate': 0.25, 'l2_reg': 2.4501537427190196e-06, 'batch_size': 128, 'patience_for_early_stopping': 11}. Best is trial 75 with value: 0.2947138845920563.
[I 2024-01-24 02:38:25,373] Trial 92 finished with value: 0.32155564427375793 and parameters: {'embedding_dim': 401, 'lstm_units': 108, 'dropout_rate': 0.25, 'l2_reg': 2.7690083436580302e-06, 'batch_size': 128, 'patience_for_early_stopping': 11}. Best is trial 75 with value: 0.2947138845920563.
[I 2024-01-24 02:38:58,828] Trial 93 finished with value: 0.31716760993003845 and parameters: {'embedding_dim': 386, 'lstm_units': 127, 'dropout_rate': 0.25, 'l2_reg': 1.563394130890997e-06, 'batch_size': 128, 'patience_for_early_stopping': 11}. Best is trial 75 with value: 0.2947138845920563.
[I 2024-01-24 02:39:44,650] Trial 94 finished with value: 0.3306316137313843 and parameters: {'embedding_dim': 360, 'lstm_units': 116, 'dropout_rate': 0.25, 'l2_reg': 0.0002562880301178683, 'batch_size': 128, 'patience_for_early_stopping': 11}. Best is trial 75 with value: 0.2947138845920563.
[I 2024-01-24 02:40:11,863] Trial 95 finished with value: 0.3716713488101959 and parameters: {'embedding_dim': 326, 'lstm_units': 104, 'dropout_rate': 0.25, 'l2_reg': 0.006095603000013527, 'batch_size': 128, 'patience_for_early_stopping': 11}. Best is trial 75 with value: 0.2947138845920563.
[I 2024-01-24 02:42:35,641] Trial 96 finished with value: 0.319490522146225 and parameters: {'embedding_dim': 261, 'lstm_units': 143, 'dropout_rate': 0.25, 'l2_reg': 6.438108047707089e-06, 'batch_size': 16, 'patience_for_early_stopping': 10}. Best is trial 75 with value: 0.2947138845920563.
[I 2024-01-24 02:43:11,797] Trial 97 finished with value: 0.31370478868484497 and parameters: {'embedding_dim': 373, 'lstm_units': 133, 'dropout_rate': 0.25, 'l2_reg': 3.5292196871371947e-06, 'batch_size': 128, 'patience_for_early_stopping': 11}. Best is trial 75 with value: 0.2947138845920563.
[I 2024-01-24 02:46:05,829] Trial 98 finished with value: 0.31817111372947693 and parameters: {'embedding_dim': 76, 'lstm_units': 73, 'dropout_rate': 0.25, 'l2_reg': 4.86384911564269e-06, 'batch_size': 16, 'patience_for_early_stopping': 9}. Best is trial 75 with value: 0.2947138845920563.
[I 2024-01-24 02:48:06,512] Trial 99 finished with value: 0.31024542450904846 and parameters: {'embedding_dim': 398, 'lstm_units': 111, 'dropout_rate': 0.25, 'l2_reg': 1.0202023403536102e-06, 'batch_size': 16, 'patience_for_early_stopping': 10}. Best is trial 75 with value: 0.2947138845920563.

Number of finished trials: 100
Best trial: {'embedding_dim': 353, 'lstm_units': 128, 'dropout_rate': 0.5, 'l2_reg': 1.0504215189259233e-06, 'batch_size': 16, 'patience_for_early_stopping': 11}