[I 2024-01-23 23:23:04,315] Trial 0 finished with value: 0.3360459804534912 and parameters: {'embedding_dim': 207, 'lstm_units': 226, 'dropout_rate': 0.09586424113634401, 'l2_reg': 9.464651990569079e-06, 'batch_size': 68, 'patience_for_early_stopping': 5}. Best is trial 0 with value: 0.3360459804534912.
[I 2024-01-23 23:24:03,099] Trial 1 finished with value: 0.3585897386074066 and parameters: {'embedding_dim': 340, 'lstm_units': 224, 'dropout_rate': 0.403495492424083, 'l2_reg': 0.0008700298306247259, 'batch_size': 19, 'patience_for_early_stopping': 4}. Best is trial 0 with value: 0.3360459804534912.
[I 2024-01-23 23:24:57,522] Trial 2 finished with value: 0.3129710555076599 and parameters: {'embedding_dim': 83, 'lstm_units': 213, 'dropout_rate': 0.25493528031128143, 'l2_reg': 1.624627575664181e-06, 'batch_size': 63, 'patience_for_early_stopping': 7}. Best is trial 2 with value: 0.3129710555076599.
[I 2024-01-23 23:25:44,378] Trial 3 finished with value: 0.32829537987709045 and parameters: {'embedding_dim': 499, 'lstm_units': 133, 'dropout_rate': 0.41239442345806193, 'l2_reg': 2.2435020298912898e-05, 'batch_size': 40, 'patience_for_early_stopping': 6}. Best is trial 2 with value: 0.3129710555076599.
[I 2024-01-23 23:26:50,963] Trial 4 finished with value: 0.3156287670135498 and parameters: {'embedding_dim': 460, 'lstm_units': 168, 'dropout_rate': 0.1546106953083422, 'l2_reg': 2.978330115107064e-05, 'batch_size': 31, 'patience_for_early_stopping': 6}. Best is trial 2 with value: 0.3129710555076599.
[I 2024-01-23 23:27:30,593] Trial 5 finished with value: 0.3164532482624054 and parameters: {'embedding_dim': 106, 'lstm_units': 235, 'dropout_rate': 0.34924837540962683, 'l2_reg': 1.4637263185226182e-05, 'batch_size': 101, 'patience_for_early_stopping': 9}. Best is trial 2 with value: 0.3129710555076599.
[I 2024-01-23 23:27:49,986] Trial 6 finished with value: 0.32553115487098694 and parameters: {'embedding_dim': 378, 'lstm_units': 245, 'dropout_rate': 0.08063202379237738, 'l2_reg': 1.566578745696636e-05, 'batch_size': 122, 'patience_for_early_stopping': 4}. Best is trial 2 with value: 0.3129710555076599.
[I 2024-01-23 23:29:39,048] Trial 7 finished with value: 0.32056427001953125 and parameters: {'embedding_dim': 137, 'lstm_units': 43, 'dropout_rate': 0.18832898940754217, 'l2_reg': 1.5212130226280254e-05, 'batch_size': 19, 'patience_for_early_stopping': 8}. Best is trial 2 with value: 0.3129710555076599.
[I 2024-01-23 23:30:04,001] Trial 8 finished with value: 0.3508955240249634 and parameters: {'embedding_dim': 369, 'lstm_units': 184, 'dropout_rate': 0.09902526109007859, 'l2_reg': 0.0008109104286385536, 'batch_size': 70, 'patience_for_early_stopping': 5}. Best is trial 2 with value: 0.3129710555076599.
[I 2024-01-23 23:30:49,585] Trial 9 finished with value: 0.3329942524433136 and parameters: {'embedding_dim': 234, 'lstm_units': 127, 'dropout_rate': 0.4845453332527522, 'l2_reg': 0.0005475869643422424, 'batch_size': 104, 'patience_for_early_stopping': 6}. Best is trial 2 with value: 0.3129710555076599.
[I 2024-01-23 23:31:39,591] Trial 10 finished with value: 0.3079480230808258 and parameters: {'embedding_dim': 165, 'lstm_units': 91, 'dropout_rate': 0.27958601643605746, 'l2_reg': 1.0418961169446019e-06, 'batch_size': 53, 'patience_for_early_stopping': 8}. Best is trial 10 with value: 0.3079480230808258.
[I 2024-01-23 23:32:48,568] Trial 11 finished with value: 0.3109692633152008 and parameters: {'embedding_dim': 66, 'lstm_units': 82, 'dropout_rate': 0.2607331739200949, 'l2_reg': 1.0147579147994829e-06, 'batch_size': 51, 'patience_for_early_stopping': 8}. Best is trial 10 with value: 0.3079480230808258.
[I 2024-01-23 23:33:45,992] Trial 12 finished with value: 0.31032341718673706 and parameters: {'embedding_dim': 174, 'lstm_units': 77, 'dropout_rate': 0.28935751830910234, 'l2_reg': 1.1277984820764016e-06, 'batch_size': 51, 'patience_for_early_stopping': 9}. Best is trial 10 with value: 0.3079480230808258.
[I 2024-01-23 23:34:35,205] Trial 13 finished with value: 0.3471251428127289 and parameters: {'embedding_dim': 185, 'lstm_units': 89, 'dropout_rate': 0.31550658019363464, 'l2_reg': 0.008864273989853077, 'batch_size': 87, 'patience_for_early_stopping': 9}. Best is trial 10 with value: 0.3079480230808258.
[I 2024-01-23 23:35:24,746] Trial 14 finished with value: 0.3264937400817871 and parameters: {'embedding_dim': 162, 'lstm_units': 85, 'dropout_rate': 0.19247013303358704, 'l2_reg': 3.199892005918142e-06, 'batch_size': 52, 'patience_for_early_stopping': 8}. Best is trial 10 with value: 0.3079480230808258.
[I 2024-01-23 23:36:01,612] Trial 15 finished with value: 0.33159714937210083 and parameters: {'embedding_dim': 261, 'lstm_units': 38, 'dropout_rate': 0.3439729209866365, 'l2_reg': 0.00010973237341668536, 'batch_size': 85, 'patience_for_early_stopping': 9}. Best is trial 10 with value: 0.3079480230808258.
[I 2024-01-23 23:36:48,283] Trial 16 finished with value: 0.31981900334358215 and parameters: {'embedding_dim': 277, 'lstm_units': 106, 'dropout_rate': 0.01739252813429565, 'l2_reg': 3.6529587333436156e-06, 'batch_size': 48, 'patience_for_early_stopping': 7}. Best is trial 10 with value: 0.3079480230808258.
[I 2024-01-23 23:38:16,507] Trial 17 finished with value: 0.3284892737865448 and parameters: {'embedding_dim': 147, 'lstm_units': 58, 'dropout_rate': 0.27782963536439426, 'l2_reg': 0.00011357755989551825, 'batch_size': 35, 'patience_for_early_stopping': 8}. Best is trial 10 with value: 0.3079480230808258.
[I 2024-01-23 23:39:16,975] Trial 18 finished with value: 0.3161700963973999 and parameters: {'embedding_dim': 314, 'lstm_units': 111, 'dropout_rate': 0.4043414958564979, 'l2_reg': 3.368699774887971e-06, 'batch_size': 57, 'patience_for_early_stopping': 9}. Best is trial 10 with value: 0.3079480230808258.
[I 2024-01-23 23:39:46,463] Trial 19 finished with value: 0.3206048309803009 and parameters: {'embedding_dim': 212, 'lstm_units': 65, 'dropout_rate': 0.19875210685225922, 'l2_reg': 5.564508247309559e-06, 'batch_size': 82, 'patience_for_early_stopping': 7}. Best is trial 10 with value: 0.3079480230808258.
[I 2024-01-23 23:40:37,359] Trial 20 finished with value: 0.33437883853912354 and parameters: {'embedding_dim': 107, 'lstm_units': 168, 'dropout_rate': 0.48424028863618696, 'l2_reg': 4.358356807765651e-05, 'batch_size': 41, 'patience_for_early_stopping': 8}. Best is trial 10 with value: 0.3079480230808258.
[I 2024-01-23 23:41:18,532] Trial 21 finished with value: 0.3233810067176819 and parameters: {'embedding_dim': 77, 'lstm_units': 79, 'dropout_rate': 0.29427722875896994, 'l2_reg': 1.0324779921587844e-06, 'batch_size': 56, 'patience_for_early_stopping': 8}. Best is trial 10 with value: 0.3079480230808258.
[I 2024-01-23 23:42:33,308] Trial 22 finished with value: 0.3026595115661621 and parameters: {'embedding_dim': 127, 'lstm_units': 106, 'dropout_rate': 0.22251457018622345, 'l2_reg': 1.0352057683468645e-06, 'batch_size': 48, 'patience_for_early_stopping': 9}. Best is trial 22 with value: 0.3026595115661621.
[I 2024-01-23 23:43:43,290] Trial 23 finished with value: 0.31308475136756897 and parameters: {'embedding_dim': 162, 'lstm_units': 108, 'dropout_rate': 0.22224247458983648, 'l2_reg': 2.0856120221769555e-06, 'batch_size': 32, 'patience_for_early_stopping': 9}. Best is trial 22 with value: 0.3026595115661621.
[I 2024-01-23 23:44:28,335] Trial 24 finished with value: 0.3228952884674072 and parameters: {'embedding_dim': 125, 'lstm_units': 147, 'dropout_rate': 0.1413615528664325, 'l2_reg': 6.9649236747827145e-06, 'batch_size': 75, 'patience_for_early_stopping': 9}. Best is trial 22 with value: 0.3026595115661621.
[I 2024-01-23 23:45:26,037] Trial 25 finished with value: 0.3158113956451416 and parameters: {'embedding_dim': 242, 'lstm_units': 62, 'dropout_rate': 0.3427844552011938, 'l2_reg': 1.7444092031598283e-06, 'batch_size': 62, 'patience_for_early_stopping': 9}. Best is trial 22 with value: 0.3026595115661621.
[I 2024-01-23 23:46:26,547] Trial 26 finished with value: 0.30982890725135803 and parameters: {'embedding_dim': 182, 'lstm_units': 103, 'dropout_rate': 0.23774191303818454, 'l2_reg': 1.117116114735124e-06, 'batch_size': 45, 'patience_for_early_stopping': 8}. Best is trial 22 with value: 0.3026595115661621.
[I 2024-01-23 23:47:30,109] Trial 27 finished with value: 0.32984307408332825 and parameters: {'embedding_dim': 210, 'lstm_units': 125, 'dropout_rate': 0.22761555163928585, 'l2_reg': 0.0002740551301466756, 'batch_size': 43, 'patience_for_early_stopping': 7}. Best is trial 22 with[I 2024-01-23 23:49:08,150] Trial 28 finished with value: 0.31816086173057556 and parameters: {'embedding_dim': 114, 'lstm_units': 149, 'dropout_rate': 0.1440221291030069, 'l2_reg': 5.398711407318688e-06, 'batch_size': 24, 'patience_for_early_stopping': 8}. Best is trial 22 with value: 0.3026595115661621.
[I 2024-01-23 23:49:53,968] Trial 29 finished with value: 0.3556375801563263 and parameters: {'embedding_dim': 182, 'lstm_units': 97, 'dropout_rate': 0.22465355812166132, 'l2_reg': 0.005408493119369763, 'batch_size': 63, 'patience_for_early_stopping': 7}. Best is trial 22 with value: 0.3026595115661621.
[I 2024-01-23 23:50:39,110] Trial 30 finished with value: 0.3320087790489197 and parameters: {'embedding_dim': 204, 'lstm_units': 116, 'dropout_rate': 0.10021345893400392, 'l2_reg': 5.270820407860067e-05, 'batch_size': 75, 'patience_for_early_stopping': 8}. Best is trial 22 with value: 0.3026595115661621.
[I 2024-01-23 23:51:42,473] Trial 31 finished with value: 0.32375818490982056 and parameters: {'embedding_dim': 183, 'lstm_units': 71, 'dropout_rate': 0.3023344777512927, 'l2_reg': 1.055510943595925e-06, 'batch_size': 46, 'patience_for_early_stopping': 9}. Best is trial 22 with value: 0.3026595115661621.
[I 2024-01-23 23:53:01,789] Trial 32 finished with value: 0.30292752385139465 and parameters: {'embedding_dim': 237, 'lstm_units': 99, 'dropout_rate': 0.253447493227349, 'l2_reg': 1.9736475504829527e-06, 'batch_size': 35, 'patience_for_early_stopping': 9}. Best is trial 22 with value: 0.3026595115661621.
[I 2024-01-23 23:54:37,113] Trial 33 finished with value: 0.30496829748153687 and parameters: {'embedding_dim': 310, 'lstm_units': 99, 'dropout_rate': 0.25008102488161554, 'l2_reg': 2.2061482293626244e-06, 'batch_size': 25, 'patience_for_early_stopping': 8}. Best is trial 22 with value: 0.3026595115661621.
[I 2024-01-23 23:56:17,371] Trial 34 finished with value: 0.3146442770957947 and parameters: {'embedding_dim': 314, 'lstm_units': 94, 'dropout_rate': 0.26735898160362526, 'l2_reg': 2.3539878638443516e-06, 'batch_size': 27, 'patience_for_early_stopping': 9}. Best is trial 22 with value: 0.3026595115661621.
[I 2024-01-23 23:58:37,474] Trial 35 finished with value: 0.3099561631679535 and parameters: {'embedding_dim': 423, 'lstm_units': 136, 'dropout_rate': 0.38067287595367083, 'l2_reg': 8.004426339524551e-06, 'batch_size': 17, 'patience_for_early_stopping': 7}. Best is trial 22 with value: 0.3026595115661621.
[I 2024-01-23 23:59:43,755] Trial 36 finished with value: 0.313332200050354 and parameters: {'embedding_dim': 247, 'lstm_units': 120, 'dropout_rate': 0.32463847785042554, 'l2_reg': 2.2151539738802593e-06, 'batch_size': 35, 'patience_for_early_stopping': 8}. Best is trial 22 with value: 0.3026595115661621.
[I 2024-01-24 00:00:37,294] Trial 37 finished with value: 0.334617555141449 and parameters: {'embedding_dim': 297, 'lstm_units': 57, 'dropout_rate': 0.37629786979572255, 'l2_reg': 3.779281058077914e-06, 'batch_size': 26, 'patience_for_early_stopping': 6}. Best is trial 22 with value: 0.3026595115661621.
[I 2024-01-24 00:01:42,269] Trial 38 finished with value: 0.3211093544960022 and parameters: {'embedding_dim': 358, 'lstm_units': 156, 'dropout_rate': 0.16526098594504451, 'l2_reg': 1.064794030375816e-05, 'batch_size': 37, 'patience_for_early_stopping': 9}. Best is trial 22 with value: 0.3026595115661621.
[I 2024-01-24 00:03:06,833] Trial 39 finished with value: 0.29605942964553833 and parameters: {'embedding_dim': 336, 'lstm_units': 137, 'dropout_rate': 0.20736330033208145, 'l2_reg': 1.8602082757439328e-06, 'batch_size': 22, 'patience_for_early_stopping': 5}. Best is trial 39 with value: 0.29605942964553833.
[I 2024-01-24 00:04:04,270] Trial 40 finished with value: 0.3238070607185364 and parameters: {'embedding_dim': 387, 'lstm_units': 208, 'dropout_rate': 0.1727151299966178, 'l2_reg': 1.0564715196001454e-05, 'batch_size': 16, 'patience_for_early_stopping': 4}. Best is trial 39 with value: 0.29605942964553833.
[I 2024-01-24 00:05:10,756] Trial 41 finished with value: 0.3074440360069275 and parameters: {'embedding_dim': 414, 'lstm_units': 133, 'dropout_rate': 0.2519701914178032, 'l2_reg': 1.7869994750636608e-06, 'batch_size': 25, 'patience_for_early_stopping': 5}. Best is trial 39 with value: 0.29605942964553833.
[I 2024-01-24 00:06:22,099] Trial 42 finished with value: 0.30471155047416687 and parameters: {'embedding_dim': 414, 'lstm_units': 158, 'dropout_rate': 0.24812457590100914, 'l2_reg': 1.7867316340927873e-06, 'batch_size': 25, 'patience_for_early_stopping': 5}. Best is trial 39 with value: 0.29605942964553833.
[I 2024-01-24 00:07:21,086] Trial 43 finished with value: 0.31707829236984253 and parameters: {'embedding_dim': 487, 'lstm_units': 180, 'dropout_rate': 0.20438092213623776, 'l2_reg': 4.367295529982968e-06, 'batch_size': 30, 'patience_for_early_stopping': 5}. Best is trial 39 with value: 0.29605942964553833.